[init] 기존 좌표 보유 0건 — 스킵 대상
[auction] 진행 total=500 ok=490 skip=0 fail=10
[auction] 진행 total=500 ok=490 skip=0 fail=10
[auction] 진행 total=500 ok=490 skip=0 fail=10
[auction] 진행 total=500 ok=490 skip=0 fail=10
[auction] 진행 total=500 ok=490 skip=0 fail=10
[auction] 진행 total=500 ok=490 skip=0 fail=10
[auction] 진행 total=500 ok=490 skip=0 fail=10
[auction] 진행 total=500 ok=490 skip=0 fail=10
[auction] 진행 total=500 ok=490 skip=0 fail=10
[auction] 진행 total=500 ok=490 skip=0 fail=10
[auction] 진행 total=1000 ok=987 skip=0 fail=13
[auction] 진행 total=1500 ok=1273 skip=0 fail=227
[auction] 진행 total=1500 ok=1273 skip=0 fail=227
[auction] 진행 total=2000 ok=1400 skip=0 fail=600
[auction] 진행 total=2500 ok=1899 skip=0 fail=601
[auction] 진행 total=2500 ok=1899 skip=0 fail=601
[auction] 진행 total=3000 ok=2391 skip=0 fail=609
[auction] 진행 total=3500 ok=2890 skip=0 fail=610
[auction] 진행 total=4000 ok=3385 skip=0 fail=615
[auction] 진행 total=4500 ok=3879 skip=0 fail=621
[auction] 진행 total=5000 ok=4375 skip=0 fail=625
[auction] 진행 total=5500 ok=4867 skip=0 fail=633
[auction] 진행 total=6000 ok=5363 skip=0 fail=637
[auction] 진행 total=6500 ok=5857 skip=0 fail=643
[auction] 진행 total=7000 ok=6354 skip=0 fail=646
[auction] 진행 total=7500 ok=6850 skip=0 fail=650
[auction] 진행 total=8000 ok=7348 skip=0 fail=652
[auction] 진행 total=8500 ok=7840 skip=0 fail=660
[auction] 진행 total=9000 ok=8334 skip=0 fail=666
[auction] 진행 total=9500 ok=8832 skip=0 fail=668
[auction] 진행 total=10000 ok=9329 skip=0 fail=671
[auction] 진행 total=10500 ok=9826 skip=0 fail=674
[auction] 진행 total=11000 ok=10324 skip=0 fail=676
[auction] 진행 total=11500 ok=10823 skip=0 fail=677
[auction] 진행 total=12000 ok=11321 skip=0 fail=679
[auction] 진행 total=12500 ok=11818 skip=0 fail=682
[auction] 진행 total=13000 ok=12309 skip=0 fail=691
[auction] 진행 total=13500 ok=12806 skip=0 fail=694
[auction] 진행 total=14000 ok=13299 skip=0 fail=701
[auction] 진행 total=14500 ok=13795 skip=0 fail=705
[auction] 진행 total=15000 ok=14290 skip=0 fail=710
[auction] 진행 total=15500 ok=14786 skip=0 fail=714
[auction] 진행 total=16000 ok=15283 skip=0 fail=717
[auction] 진행 total=16500 ok=15782 skip=0 fail=718
[auction] 진행 total=17000 ok=16277 skip=0 fail=723
[auction] 진행 total=17000 ok=16277 skip=0 fail=723
[auction] 진행 total=17500 ok=16776 skip=0 fail=724
[auction] 진행 total=18000 ok=17270 skip=0 fail=730
[auction] 진행 total=18500 ok=17392 skip=0 fail=1108
[auction] 진행 total=19000 ok=17392 skip=0 fail=1608
[auction] 진행 total=19000 ok=17392 skip=0 fail=1608
[auction] 진행 total=19000 ok=17392 skip=0 fail=1608
[auction] 진행 total=19000 ok=17392 skip=0 fail=1608
[auction] 진행 total=19500 ok=17392 skip=0 fail=2108
[auction] 소스 스캔 25023건 완료
[gongmae] 진행 total=20000 ok=17392 skip=0 fail=2608
[gongmae] 진행 total=20000 ok=17392 skip=0 fail=2608
[gongmae] 진행 total=20000 ok=17392 skip=0 fail=2608
[gongmae] 진행 total=20000 ok=17392 skip=0 fail=2608
[gongmae] 진행 total=20000 ok=17392 skip=0 fail=2608
[gongmae] 진행 total=20000 ok=17392 skip=0 fail=2608
[gongmae] 진행 total=20000 ok=17392 skip=0 fail=2608
[gongmae] 진행 total=20000 ok=17392 skip=0 fail=2608
[gongmae] 진행 total=20500 ok=17392 skip=0 fail=3108
[gongmae] 진행 total=21000 ok=17392 skip=0 fail=3608
[gongmae] 진행 total=21500 ok=17392 skip=0 fail=4108
[gongmae] 진행 total=22000 ok=17392 skip=0 fail=4608
[gongmae] 진행 total=22000 ok=17392 skip=0 fail=4608
[gongmae] 진행 total=22000 ok=17392 skip=0 fail=4608
[gongmae] 진행 total=22000 ok=17392 skip=0 fail=4608
[gongmae] 진행 total=22000 ok=17392 skip=0 fail=4608
[gongmae] 진행 total=22000 ok=17392 skip=0 fail=4608
[gongmae] 진행 total=22500 ok=17392 skip=0 fail=5108
[gongmae] 진행 total=22500 ok=17392 skip=0 fail=5108
[gongmae] 진행 total=22500 ok=17392 skip=0 fail=5108
[gongmae] 진행 total=22500 ok=17392 skip=0 fail=5108
[gongmae] 진행 total=22500 ok=17392 skip=0 fail=5108
[gongmae] 진행 total=22500 ok=17392 skip=0 fail=5108
[gongmae] 진행 total=22500 ok=17392 skip=0 fail=5108
[gongmae] 진행 total=22500 ok=17392 skip=0 fail=5108
[gongmae] 진행 total=22500 ok=17392 skip=0 fail=5108
[gongmae] 진행 total=22500 ok=17392 skip=0 fail=5108
[gongmae] 진행 total=22500 ok=17392 skip=0 fail=5108
[gongmae] 진행 total=22500 ok=17392 skip=0 fail=5108
[gongmae] 진행 total=23000 ok=17392 skip=0 fail=5608
[gongmae] 진행 total=23000 ok=17392 skip=0 fail=5608
[gongmae] 진행 total=23000 ok=17392 skip=0 fail=5608
[gongmae] 진행 total=23000 ok=17392 skip=0 fail=5608
[gongmae] 진행 total=23000 ok=17392 skip=0 fail=5608
[gongmae] 진행 total=23000 ok=17392 skip=0 fail=5608
[gongmae] 진행 total=23000 ok=17392 skip=0 fail=5608
[gongmae] 진행 total=23000 ok=17392 skip=0 fail=5608
[gongmae] 진행 total=23000 ok=17392 skip=0 fail=5608
[gongmae] 진행 total=23000 ok=17392 skip=0 fail=5608
[gongmae] 진행 total=23000 ok=17392 skip=0 fail=5608
[gongmae] 진행 total=23000 ok=17392 skip=0 fail=5608
[gongmae] 진행 total=23000 ok=17392 skip=0 fail=5608
[gongmae] 진행 total=23000 ok=17392 skip=0 fail=5608
[gongmae] 진행 total=23000 ok=17392 skip=0 fail=5608
[gongmae] 진행 total=23000 ok=17392 skip=0 fail=5608
[gongmae] 진행 total=23500 ok=17392 skip=0 fail=6108
[gongmae] 진행 total=23500 ok=17392 skip=0 fail=6108
[gongmae] 진행 total=23500 ok=17392 skip=0 fail=6108
[gongmae] 진행 total=23500 ok=17392 skip=0 fail=6108
[gongmae] 진행 total=23500 ok=17392 skip=0 fail=6108
[gongmae] 진행 total=23500 ok=17392 skip=0 fail=6108
[gongmae] 진행 total=23500 ok=17392 skip=0 fail=6108
[gongmae] 진행 total=23500 ok=17392 skip=0 fail=6108
[gongmae] 진행 total=23500 ok=17392 skip=0 fail=6108
[gongmae] 진행 total=23500 ok=17392 skip=0 fail=6108
[gongmae] 진행 total=23500 ok=17392 skip=0 fail=6108
[gongmae] 진행 total=24000 ok=17392 skip=0 fail=6608
[gongmae] 진행 total=24500 ok=17392 skip=0 fail=7108
[gongmae] 진행 total=24500 ok=17392 skip=0 fail=7108
[gongmae] 진행 total=24500 ok=17392 skip=0 fail=7108
[gongmae] 진행 total=24500 ok=17392 skip=0 fail=7108
[gongmae] 진행 total=24500 ok=17392 skip=0 fail=7108
[gongmae] 진행 total=24500 ok=17392 skip=0 fail=7108
[gongmae] 진행 total=25000 ok=17392 skip=0 fail=7608
[gongmae] 진행 total=25500 ok=17392 skip=0 fail=8108
[gongmae] 진행 total=26000 ok=17392 skip=0 fail=8608
[gongmae] 진행 total=26500 ok=17392 skip=0 fail=9108
[gongmae] 진행 total=27000 ok=17392 skip=0 fail=9608
[gongmae] 진행 total=27500 ok=17392 skip=0 fail=10108
[gongmae] 진행 total=28000 ok=17392 skip=0 fail=10608
[gongmae] 진행 total=28500 ok=17392 skip=0 fail=11108
[gongmae] 진행 total=29000 ok=17392 skip=0 fail=11608
[gongmae] 진행 total=29500 ok=17392 skip=0 fail=12108
[gongmae] 진행 total=30000 ok=17392 skip=0 fail=12608
[gongmae] 진행 total=30500 ok=17392 skip=0 fail=13108
[gongmae] 진행 total=31000 ok=17392 skip=0 fail=13608
[gongmae] 진행 total=31500 ok=17392 skip=0 fail=14108
[gongmae] 진행 total=32000 ok=17392 skip=0 fail=14608
[gongmae] 진행 total=32500 ok=17392 skip=0 fail=15108
[gongmae] 진행 total=33000 ok=17392 skip=0 fail=15608
[gongmae] 진행 total=33500 ok=17392 skip=0 fail=16108
[gongmae] 진행 total=34000 ok=17392 skip=0 fail=16608
[gongmae] 진행 total=34500 ok=17392 skip=0 fail=17108
[gongmae] 진행 total=35000 ok=17392 skip=0 fail=17608
[gongmae] 진행 total=35500 ok=17392 skip=0 fail=18108
[gongmae] 진행 total=36000 ok=17392 skip=0 fail=18608
[gongmae] 진행 total=36500 ok=17392 skip=0 fail=19108
[gongmae] 진행 total=37000 ok=17392 skip=0 fail=19608
[gongmae] 진행 total=37500 ok=17392 skip=0 fail=20108
[gongmae] 진행 total=37500 ok=17392 skip=0 fail=20108
[gongmae] 진행 total=38000 ok=17392 skip=0 fail=20608
[gongmae] 진행 total=38500 ok=17392 skip=0 fail=21108
[gongmae] 진행 total=39000 ok=17392 skip=0 fail=21608
[gongmae] 진행 total=39500 ok=17392 skip=0 fail=22108
[gongmae] 진행 total=40000 ok=17392 skip=0 fail=22608
[gongmae] 진행 total=40500 ok=17392 skip=0 fail=23108
[gongmae] 진행 total=41000 ok=17392 skip=0 fail=23608
[gongmae] 진행 total=41500 ok=17392 skip=0 fail=24108
[gongmae] 진행 total=42000 ok=17392 skip=0 fail=24608
[gongmae] 진행 total=42500 ok=17392 skip=0 fail=25108
[gongmae] 진행 total=42500 ok=17392 skip=0 fail=25108
[gongmae] 진행 total=42500 ok=17392 skip=0 fail=25108
[gongmae] 진행 total=42500 ok=17392 skip=0 fail=25108
[gongmae] 진행 total=42500 ok=17392 skip=0 fail=25108
[gongmae] 진행 total=42500 ok=17392 skip=0 fail=25108
[gongmae] 진행 total=43000 ok=17392 skip=0 fail=25608
[gongmae] 진행 total=43500 ok=17392 skip=0 fail=26108
[gongmae] 진행 total=44000 ok=17392 skip=0 fail=26608
[gongmae] 진행 total=44500 ok=17392 skip=0 fail=27108
[gongmae] 진행 total=45000 ok=17392 skip=0 fail=27608
[gongmae] 진행 total=45500 ok=17392 skip=0 fail=28108
[gongmae] 진행 total=45500 ok=17392 skip=0 fail=28108
[gongmae] 진행 total=45500 ok=17392 skip=0 fail=28108
[gongmae] 진행 total=45500 ok=17392 skip=0 fail=28108
[gongmae] 진행 total=45500 ok=17392 skip=0 fail=28108
[gongmae] 진행 total=45500 ok=17392 skip=0 fail=28108
[gongmae] 진행 total=45500 ok=17392 skip=0 fail=28108
[gongmae] 진행 total=45500 ok=17392 skip=0 fail=28108
[gongmae] 진행 total=45500 ok=17392 skip=0 fail=28108
[gongmae] 진행 total=45500 ok=17392 skip=0 fail=28108
[gongmae] 진행 total=45500 ok=17392 skip=0 fail=28108
[gongmae] 진행 total=45500 ok=17392 skip=0 fail=28108
[gongmae] 진행 total=46000 ok=17392 skip=0 fail=28608
[gongmae] 진행 total=46500 ok=17392 skip=0 fail=29108
[gongmae] 진행 total=47000 ok=17392 skip=0 fail=29608
[gongmae] 진행 total=47000 ok=17392 skip=0 fail=29608
[gongmae] 진행 total=47000 ok=17392 skip=0 fail=29608
[gongmae] 진행 total=47000 ok=17392 skip=0 fail=29608
[gongmae] 진행 total=47000 ok=17392 skip=0 fail=29608
[gongmae] 소스 스캔 58473건 완료
[DONE] total(대상)=47107 ok=17392 skip=0 fail=29715
